<?xml version="1.0" encoding="UTF-8"?>
<!-- Generated by org.testng.reporters.JUnitReportReporter -->
<testsuite skipped="0" hostname="DESKTOP-RNBDNNN" name="org.test.SampleTestNG" tests="4" failures="0" timestamp="17 Aug 2021 17:22:04 GMT" time="106.385" errors="0">
  <testcase name="testcase3" time="38.252" classname="org.test.SampleTestNG"/>
  <testcase name="testcase2" time="34.836" classname="org.test.SampleTestNG"/>
  <testcase name="testcase4" time="7.848" classname="org.test.SampleTestNG"/>
  <testcase name="testcase1" time="25.449" classname="org.test.SampleTestNG"/>
</testsuite> <!-- org.test.SampleTestNG -->
